SOURCE=Queen.java
VERSION=Java 16
TIMESTAMP=1639323683490
Running with Java 16.0.2
Queen raster (8x8)
...took 0.002 seconds.
...92 solutions found.
Running with Java 16.0.2
Queen raster (9x9)
...took 0.003 seconds.
...352 solutions found.
Running with Java 16.0.2
Queen raster (10x10)
...took 0.007 seconds.
...724 solutions found.
Running with Java 16.0.2
Queen raster (11x11)
...took 0.03 seconds.
...2680 solutions found.
Running with Java 16.0.2
Queen raster (12x12)
...took 0.117 seconds.
...14200 solutions found.
Running with Java 16.0.2
Queen raster (13x13)
...took 0.549 seconds.
...73712 solutions found.
Running with Java 16.0.2
Queen raster (14x14)
...took 3.245 seconds.
...365596 solutions found.
Running with Java 16.0.2
Queen raster (15x15)
...took 20.813 seconds.
...2279184 solutions found.
