SOURCE=Queen_node.js
VERSION=Nodejs 16
TIMESTAMP=1639301626813
Queen raster (8x8)
...took 0.002 seconds.
...92 solutions found.
Queen raster (9x9)
...took 0.003 seconds.
...352 solutions found.
Queen raster (10x10)
...took 0.005 seconds.
...724 solutions found.
Queen raster (11x11)
...took 0.015 seconds.
...2680 solutions found.
Queen raster (12x12)
...took 0.071 seconds.
...14200 solutions found.
Queen raster (13x13)
...took 0.37 seconds.
...73712 solutions found.
Queen raster (14x14)
...took 2.22 seconds.
...365596 solutions found.
Queen raster (15x15)
...took 14.494 seconds.
...2279184 solutions found.
Queen raster (16x16)
...took 98.692 seconds.
...14772512 solutions found.
